info it worked if it ends with ok
verbose cli [ 'node', '/usr/bin/npm', 'test' ]
info using npm@1.1.18
info using node@v0.6.18
verbose /usr/bin/node node symlink
verbose config file /home/mrege/.npmrc
verbose config file /usr/etc/npmrc
verbose config file /usr/lib/node_modules/npm/npmrc
verbose caching /home/mrege/workspace/newrelic-node/package.json
verbose loadDefaults newrelic-node@0.0.1
verbose run-script [ 'pretest', 'test', 'posttest' ]
info pretest newrelic-node@0.0.1
info test newrelic-node@0.0.1
verbose unsafe-perm in lifecycle true
silly exec sh "-c" "mocha --globals myThis,myHolder,myCallee,State_myThis --reporter spec -t 2000 -s 3000 ${TESTFILE}"
silly spawning [ 'sh',
silly spawning   [ '-c',
silly spawning     'mocha --globals myThis,myHolder,myCallee,State_myThis --reporter spec -t 2000 -s 3000 ${TESTFILE}' ],
silly spawning   '/home/mrege/workspace/newrelic-node' ]
info newrelic-node@0.0.1 Failed to exec test script
ERR! newrelic-node@0.0.1 test: `mocha --globals myThis,myHolder,myCallee,State_myThis --reporter spec -t 2000 -s 3000 ${TESTFILE}`
ERR! `sh "-c" "mocha --globals myThis,myHolder,myCallee,State_myThis --reporter spec -t 2000 -s 3000 ${TESTFILE}"` failed with 1
ERR! 
ERR! Failed at the newrelic-node@0.0.1 test script.
ERR! This is most likely a problem with the newrelic-node package,
ERR! not with npm itself.
ERR! Tell the author that this fails on your system:
ERR!     mocha --globals myThis,myHolder,myCallee,State_myThis --reporter spec -t 2000 -s 3000 ${TESTFILE}
ERR! You can get their info via:
ERR!     npm owner ls newrelic-node
ERR! There is likely additional logging output above.
ERR! 
ERR! System Linux 3.2.0-25-generic-pae
ERR! command "node" "/usr/bin/npm" "test"
ERR! cwd /home/mrege/workspace/newrelic-node
ERR! node -v v0.6.18
ERR! npm -v 1.1.18
ERR! code ELIFECYCLE
ERR! message newrelic-node@0.0.1 test: `mocha --globals myThis,myHolder,myCallee,State_myThis --reporter spec -t 2000 -s 3000 ${TESTFILE}`
ERR! message `sh "-c" "mocha --globals myThis,myHolder,myCallee,State_myThis --reporter spec -t 2000 -s 3000 ${TESTFILE}"` failed with 1
ERR! errno {}
verbose exit [ 1, true ]
